0 verbose cli /Users/adambelal/.nvm/versions/node/v24.13.0/bin/node /Users/adambelal/.nvm/versions/node/v24.13.0/lib/node_modules/npm/bin/npm-cli.js
1 info using npm@11.6.2
2 info using node@v24.13.0
3 silly config load:file:/Users/adambelal/.nvm/versions/node/v24.13.0/lib/node_modules/npm/npmrc
4 silly config load:file:/Users/adambelal/Desktop/restaurant-os/.npmrc
5 silly config load:file:/Users/adambelal/.npmrc
6 silly config load:file:/Users/adambelal/.nvm/versions/node/v24.13.0/etc/npmrc
7 verbose title npm exec node -e require('dotenv').config(); const { Client } = require('pg'); const client = new Client({ connectionString: process.env.DATABASE_URL }); client.connect().then(() => client.query('UPDATE "CashTransaction" SET "categoryId" = NULL;')).then(() => { console.log('Done'); client.end(); }).catch(e => { console.error(e); client.end(); });
8 verbose argv "exec" "--yes" "--cache" "./my-cache" "--package" "pg" "--package" "dotenv" "--" "node" "-e" "require('dotenv').config(); const { Client } = require('pg'); const client = new Client({ connectionString: process.env.DATABASE_URL }); client.connect().then(() => client.query('UPDATE \"CashTransaction\" SET \"categoryId\" = NULL;')).then(() => { console.log('Done'); client.end(); }).catch(e => { console.error(e); client.end(); });"
9 verbose logfile logs-max:10 dir:/Users/adambelal/Desktop/restaurant-os/my-cache/_logs/2026-03-02T21_38_16_412Z-
10 verbose logfile /Users/adambelal/Desktop/restaurant-os/my-cache/_logs/2026-03-02T21_38_16_412Z-debug-0.log
11 silly logfile done cleaning log files
12 silly packumentCache heap:4496293888 maxSize:1124073472 maxEntrySize:562036736
13 verbose shrinkwrap failed to load node_modules/.package-lock.json EPERM: operation not permitted, stat '/Users/adambelal/Desktop/restaurant-os/node_modules'
14 http fetch GET 200 https://registry.npmjs.org/dotenv 180ms (cache miss)
15 http fetch GET 200 https://registry.npmjs.org/pg 207ms (cache miss)
16 silly packumentCache heap:4496293888 maxSize:1124073472 maxEntrySize:562036736
17 silly idealTree buildDeps
18 silly fetch manifest dotenv@17.3.1
19 silly packumentCache full:https://registry.npmjs.org/dotenv cache-miss
20 http fetch GET 200 https://registry.npmjs.org/dotenv 50ms (cache revalidated)
21 silly packumentCache full:https://registry.npmjs.org/dotenv set size:270065 disposed:false
22 silly fetch manifest pg@8.19.0
23 silly packumentCache full:https://registry.npmjs.org/pg cache-miss
24 http fetch GET 200 https://registry.npmjs.org/pg 53ms (cache miss)
25 silly packumentCache full:https://registry.npmjs.org/pg set size:undefined disposed:false
26 silly fetch manifest pg-native@>=3.0.1
27 silly packumentCache full:https://registry.npmjs.org/pg-native cache-miss
28 http fetch GET 200 https://registry.npmjs.org/pg-native 51ms (cache miss)
29 silly packumentCache full:https://registry.npmjs.org/pg-native set size:undefined disposed:false
30 silly placeDep ROOT dotenv@17.3.1 OK for:  want: 17.3.1
31 silly placeDep ROOT pg@8.19.0 OK for:  want: 8.19.0
32 silly fetch manifest pg-connection-string@^2.11.0
33 silly packumentCache full:https://registry.npmjs.org/pg-connection-string cache-miss
34 silly fetch manifest pg-pool@^3.12.0
35 silly packumentCache full:https://registry.npmjs.org/pg-pool cache-miss
36 silly fetch manifest pg-protocol@^1.12.0
37 silly packumentCache full:https://registry.npmjs.org/pg-protocol cache-miss
38 silly fetch manifest pg-types@2.2.0
39 silly packumentCache full:https://registry.npmjs.org/pg-types cache-miss
40 silly fetch manifest pgpass@1.0.5
41 silly packumentCache full:https://registry.npmjs.org/pgpass cache-miss
42 silly fetch manifest pg-cloudflare@^1.3.0
43 silly packumentCache full:https://registry.npmjs.org/pg-cloudflare cache-miss
44 http fetch GET 200 https://registry.npmjs.org/pg-pool 52ms (cache miss)
45 silly packumentCache full:https://registry.npmjs.org/pg-pool set size:undefined disposed:false
46 http fetch GET 200 https://registry.npmjs.org/pg-connection-string 54ms (cache miss)
47 silly packumentCache full:https://registry.npmjs.org/pg-connection-string set size:undefined disposed:false
48 http fetch GET 200 https://registry.npmjs.org/pg-protocol 139ms (cache miss)
49 silly packumentCache full:https://registry.npmjs.org/pg-protocol set size:undefined disposed:false
50 http fetch GET 200 https://registry.npmjs.org/pgpass 140ms (cache miss)
51 silly packumentCache full:https://registry.npmjs.org/pgpass set size:undefined disposed:false
52 http fetch GET 200 https://registry.npmjs.org/pg-types 140ms (cache miss)
53 silly packumentCache full:https://registry.npmjs.org/pg-types set size:undefined disposed:false
54 http fetch GET 200 https://registry.npmjs.org/pg-cloudflare 144ms (cache miss)
55 silly packumentCache full:https://registry.npmjs.org/pg-cloudflare set size:undefined disposed:false
56 silly fetch manifest pg@>=8.0
57 silly packumentCache full:https://registry.npmjs.org/pg cache-miss
58 http cache https://registry.npmjs.org/pg 2ms (cache hit)
59 silly packumentCache full:https://registry.npmjs.org/pg set size:473026 disposed:false
60 silly placeDep ROOT pg-cloudflare@1.3.0 OK for: pg@8.19.0 want: ^1.3.0
61 silly placeDep ROOT pg-connection-string@2.11.0 OK for: pg@8.19.0 want: ^2.11.0
62 silly placeDep ROOT pg-pool@3.12.0 OK for: pg@8.19.0 want: ^3.12.0
63 silly placeDep ROOT pg-protocol@1.12.0 OK for: pg@8.19.0 want: ^1.12.0
64 silly placeDep ROOT pg-types@2.2.0 OK for: pg@8.19.0 want: 2.2.0
65 silly placeDep ROOT pgpass@1.0.5 OK for: pg@8.19.0 want: 1.0.5
66 silly fetch manifest pg-int8@1.0.1
67 silly packumentCache full:https://registry.npmjs.org/pg-int8 cache-miss
68 silly fetch manifest postgres-date@~1.0.4
69 silly packumentCache full:https://registry.npmjs.org/postgres-date cache-miss
70 silly fetch manifest postgres-array@~2.0.0
71 silly packumentCache full:https://registry.npmjs.org/postgres-array cache-miss
72 silly fetch manifest postgres-bytea@~1.0.0
73 silly packumentCache full:https://registry.npmjs.org/postgres-bytea cache-miss
74 silly fetch manifest postgres-interval@^1.1.0
75 silly packumentCache full:https://registry.npmjs.org/postgres-interval cache-miss
76 silly fetch manifest split2@^4.1.0
77 silly packumentCache full:https://registry.npmjs.org/split2 cache-miss
78 http fetch GET 200 https://registry.npmjs.org/postgres-array 48ms (cache miss)
79 silly packumentCache full:https://registry.npmjs.org/postgres-array set size:undefined disposed:false
80 http fetch GET 200 https://registry.npmjs.org/pg-int8 49ms (cache miss)
81 silly packumentCache full:https://registry.npmjs.org/pg-int8 set size:undefined disposed:false
82 http fetch GET 200 https://registry.npmjs.org/postgres-interval 49ms (cache miss)
83 silly packumentCache full:https://registry.npmjs.org/postgres-interval set size:undefined disposed:false
84 http fetch GET 200 https://registry.npmjs.org/postgres-bytea 50ms (cache miss)
85 silly packumentCache full:https://registry.npmjs.org/postgres-bytea set size:undefined disposed:false
86 http fetch GET 200 https://registry.npmjs.org/postgres-date 54ms (cache miss)
87 silly packumentCache full:https://registry.npmjs.org/postgres-date set size:undefined disposed:false
88 http fetch GET 200 https://registry.npmjs.org/split2 74ms (cache miss)
89 silly packumentCache full:https://registry.npmjs.org/split2 set size:undefined disposed:false
90 silly placeDep ROOT pg-int8@1.0.1 OK for: pg-types@2.2.0 want: 1.0.1
91 silly placeDep ROOT postgres-array@2.0.0 OK for: pg-types@2.2.0 want: ~2.0.0
92 silly placeDep ROOT postgres-bytea@1.0.1 OK for: pg-types@2.2.0 want: ~1.0.0
93 silly placeDep ROOT postgres-date@1.0.7 OK for: pg-types@2.2.0 want: ~1.0.4
94 silly placeDep ROOT postgres-interval@1.2.0 OK for: pg-types@2.2.0 want: ^1.1.0
95 silly fetch manifest xtend@^4.0.0
96 silly packumentCache full:https://registry.npmjs.org/xtend cache-miss
97 http fetch GET 200 https://registry.npmjs.org/xtend 52ms (cache miss)
98 silly packumentCache full:https://registry.npmjs.org/xtend set size:undefined disposed:false
99 silly placeDep ROOT split2@4.2.0 OK for: pgpass@1.0.5 want: ^4.1.0
100 silly placeDep ROOT xtend@4.0.2 OK for: postgres-interval@1.2.0 want: ^4.0.0
101 silly reify moves {}
102 verbose Error: EPERM: operation not permitted, mkdir '/Users/adambelal/Desktop/restaurant-os/my-cache/_npx/d81b04c82d1de362/node_modules'
    at async mkdir (node:internal/fs/promises:856:10)
    at async /Users/adambelal/.nvm/versions/node/v24.13.0/lib/node_modules/npm/node_modules/@npmcli/arborist/lib/arborist/reify.js:576:20
    at async Promise.allSettled (index 0)
    at async [reifyPackages] (/Users/adambelal/.nvm/versions/node/v24.13.0/lib/node_modules/npm/node_modules/@npmcli/arborist/lib/arborist/reify.js:313:11)
    at async Arborist.reify (/Users/adambelal/.nvm/versions/node/v24.13.0/lib/node_modules/npm/node_modules/@npmcli/arborist/lib/arborist/reify.js:125:5)
    at async /Users/adambelal/.nvm/versions/node/v24.13.0/lib/node_modules/npm/node_modules/libnpmexec/lib/with-lock.js:57:19
103 verbose stack Error: EPERM: operation not permitted, mkdir '/Users/adambelal/Desktop/restaurant-os/my-cache/_npx/d81b04c82d1de362/node_modules'
103 verbose stack     at async mkdir (node:internal/fs/promises:856:10)
103 verbose stack     at async /Users/adambelal/.nvm/versions/node/v24.13.0/lib/node_modules/npm/node_modules/@npmcli/arborist/lib/arborist/reify.js:576:20
103 verbose stack     at async Promise.allSettled (index 0)
103 verbose stack     at async [reifyPackages] (/Users/adambelal/.nvm/versions/node/v24.13.0/lib/node_modules/npm/node_modules/@npmcli/arborist/lib/arborist/reify.js:313:11)
103 verbose stack     at async Arborist.reify (/Users/adambelal/.nvm/versions/node/v24.13.0/lib/node_modules/npm/node_modules/@npmcli/arborist/lib/arborist/reify.js:125:5)
103 verbose stack     at async /Users/adambelal/.nvm/versions/node/v24.13.0/lib/node_modules/npm/node_modules/libnpmexec/lib/with-lock.js:57:19
104 error code EPERM
105 error syscall mkdir
106 error path /Users/adambelal/Desktop/restaurant-os/my-cache/_npx/d81b04c82d1de362/node_modules
107 error errno -1
108 error
108 error Your cache folder contains root-owned files, due to a bug in
108 error previous versions of npm which has since been addressed.
108 error
108 error To permanently fix this problem, please run:
108 error   sudo chown -R 501:20 "/Users/adambelal/Desktop/restaurant-os/my-cache"
109 silly unfinished npm timer reify 1772487496881
110 silly unfinished npm timer reify:createSparse 1772487497331
111 verbose cwd /Users/adambelal/Desktop/restaurant-os
112 verbose os Darwin 25.2.0
113 verbose node v24.13.0
114 verbose npm  v11.6.2
115 verbose exit -1
116 verbose code -1
117 error A complete log of this run can be found in: /Users/adambelal/Desktop/restaurant-os/my-cache/_logs/2026-03-02T21_38_16_412Z-debug-0.log
