0 verbose cli /Users/adambelal/.nvm/versions/node/v24.13.0/bin/node /Users/adambelal/.nvm/versions/node/v24.13.0/lib/node_modules/npm/bin/npm-cli.js
1 info using npm@11.6.2
2 info using node@v24.13.0
3 silly config load:file:/Users/adambelal/.nvm/versions/node/v24.13.0/lib/node_modules/npm/npmrc
4 silly config load:file:/Users/adambelal/Desktop/restaurant-os/.npmrc
5 silly config load:file:/Users/adambelal/.npmrc
6 silly config load:file:/Users/adambelal/.nvm/versions/node/v24.13.0/etc/npmrc
7 verbose title npm exec prisma migrate dev --name add_categorization_rules
8 verbose argv "exec" "--cache" "./my-cache" "--" "prisma" "migrate" "dev" "--name" "add_categorization_rules"
9 verbose logfile logs-max:10 dir:/Users/adambelal/Desktop/restaurant-os/my-cache/_logs/2026-03-02T21_29_35_292Z-
10 verbose logfile /Users/adambelal/Desktop/restaurant-os/my-cache/_logs/2026-03-02T21_29_35_292Z-debug-0.log
11 silly logfile done cleaning log files
12 silly packumentCache heap:4496293888 maxSize:1124073472 maxEntrySize:562036736
13 verbose shrinkwrap failed to load node_modules/.package-lock.json EPERM: operation not permitted, stat '/Users/adambelal/Desktop/restaurant-os/node_modules'
14 http fetch GET 200 https://registry.npmjs.org/npm 192ms
15 http fetch GET 200 https://registry.npmjs.org/prisma 461ms (cache miss)
16 silly packumentCache heap:4496293888 maxSize:1124073472 maxEntrySize:562036736
17 silly packumentCache heap:4496293888 maxSize:1124073472 maxEntrySize:562036736
18 silly idealTree buildDeps
19 silly fetch manifest prisma@7.4.2
20 silly packumentCache full:https://registry.npmjs.org/prisma cache-miss
21 http fetch GET 200 https://registry.npmjs.org/prisma 732ms (cache miss)
22 silly packumentCache full:https://registry.npmjs.org/prisma set size:undefined disposed:false
23 silly fetch manifest better-sqlite3@>=9.0.0
24 silly packumentCache full:https://registry.npmjs.org/better-sqlite3 cache-miss
25 http fetch GET 200 https://registry.npmjs.org/better-sqlite3 66ms (cache miss)
26 silly packumentCache full:https://registry.npmjs.org/better-sqlite3 set size:undefined disposed:false
27 silly fetch manifest typescript@>=5.4.0
28 silly packumentCache full:https://registry.npmjs.org/typescript cache-miss
29 http fetch GET 200 https://registry.npmjs.org/typescript 182ms (cache miss)
30 silly packumentCache full:https://registry.npmjs.org/typescript set size:undefined disposed:false
31 silly placeDep ROOT prisma@7.4.2 OK for:  want: 7.4.2
32 silly fetch manifest mysql2@3.15.3
33 silly packumentCache full:https://registry.npmjs.org/mysql2 cache-miss
34 silly fetch manifest postgres@3.4.7
35 silly packumentCache full:https://registry.npmjs.org/postgres cache-miss
36 silly fetch manifest @prisma/dev@0.20.0
37 silly packumentCache full:https://registry.npmjs.org/@prisma%2fdev cache-miss
38 silly fetch manifest @prisma/config@7.4.2
39 silly packumentCache full:https://registry.npmjs.org/@prisma%2fconfig cache-miss
40 silly fetch manifest @prisma/engines@7.4.2
41 silly packumentCache full:https://registry.npmjs.org/@prisma%2fengines cache-miss
42 silly fetch manifest @prisma/studio-core@0.13.1
43 silly packumentCache full:https://registry.npmjs.org/@prisma%2fstudio-core cache-miss
44 http fetch GET 200 https://registry.npmjs.org/postgres 53ms (cache miss)
45 silly packumentCache full:https://registry.npmjs.org/postgres set size:undefined disposed:false
46 http fetch GET 200 https://registry.npmjs.org/mysql2 72ms (cache miss)
47 silly packumentCache full:https://registry.npmjs.org/mysql2 set size:undefined disposed:false
48 http fetch GET 200 https://registry.npmjs.org/@prisma%2fdev 199ms (cache miss)
49 silly packumentCache full:https://registry.npmjs.org/@prisma%2fdev set size:undefined disposed:false
50 http fetch GET 200 https://registry.npmjs.org/@prisma%2fconfig 211ms (cache miss)
51 silly packumentCache full:https://registry.npmjs.org/@prisma%2fconfig set size:undefined disposed:false
52 http fetch GET 200 https://registry.npmjs.org/@prisma%2fstudio-core 236ms (cache miss)
53 silly packumentCache full:https://registry.npmjs.org/@prisma%2fstudio-core set size:undefined disposed:false
54 http fetch GET 200 https://registry.npmjs.org/@prisma%2fengines 485ms (cache miss)
55 silly packumentCache full:https://registry.npmjs.org/@prisma%2fengines set size:undefined disposed:false
56 silly fetch manifest @types/react@^18.0.0 || ^19.0.0
57 silly packumentCache full:https://registry.npmjs.org/@types%2freact cache-miss
58 http fetch GET 200 https://registry.npmjs.org/@types%2freact 78ms (cache miss)
59 silly packumentCache full:https://registry.npmjs.org/@types%2freact set size:undefined disposed:false
60 silly fetch manifest react@^18.0.0 || ^19.0.0
61 silly packumentCache full:https://registry.npmjs.org/react cache-miss
62 http fetch GET 200 https://registry.npmjs.org/react 130ms (cache miss)
63 silly packumentCache full:https://registry.npmjs.org/react set size:undefined disposed:false
64 silly fetch manifest react-dom@^18.0.0 || ^19.0.0
65 silly packumentCache full:https://registry.npmjs.org/react-dom cache-miss
66 http fetch GET 200 https://registry.npmjs.org/react-dom 138ms (cache miss)
67 silly packumentCache full:https://registry.npmjs.org/react-dom set size:undefined disposed:false
68 silly placeDep ROOT @prisma/config@7.4.2 OK for: prisma@7.4.2 want: 7.4.2
69 silly placeDep ROOT @prisma/dev@0.20.0 OK for: prisma@7.4.2 want: 0.20.0
70 silly placeDep ROOT @prisma/engines@7.4.2 OK for: prisma@7.4.2 want: 7.4.2
71 silly placeDep ROOT @prisma/studio-core@0.13.1 OK for: prisma@7.4.2 want: 0.13.1
72 silly placeDep ROOT react@19.2.4 OK for: @prisma/studio-core@0.13.1 want: ^18.0.0 || ^19.0.0
73 silly placeDep ROOT react-dom@19.2.4 OK for: @prisma/studio-core@0.13.1 want: ^18.0.0 || ^19.0.0
74 silly placeDep ROOT @types/react@19.2.14 OK for: @prisma/studio-core@0.13.1 want: ^18.0.0 || ^19.0.0
75 silly placeDep ROOT mysql2@3.15.3 OK for: prisma@7.4.2 want: 3.15.3
76 silly placeDep ROOT postgres@3.4.7 OK for: prisma@7.4.2 want: 3.4.7
77 silly fetch manifest c12@3.1.0
78 silly packumentCache full:https://registry.npmjs.org/c12 cache-miss
79 silly fetch manifest effect@3.18.4
80 silly packumentCache full:https://registry.npmjs.org/effect cache-miss
81 silly fetch manifest empathic@2.0.0
82 silly packumentCache full:https://registry.npmjs.org/empathic cache-miss
83 silly fetch manifest deepmerge-ts@7.1.5
84 silly packumentCache full:https://registry.npmjs.org/deepmerge-ts cache-miss
85 silly fetch manifest hono@4.11.4
86 silly packumentCache full:https://registry.npmjs.org/hono cache-miss
87 silly fetch manifest pathe@2.0.3
88 silly packumentCache full:https://registry.npmjs.org/pathe cache-miss
89 silly fetch manifest remeda@2.33.4
90 silly packumentCache full:https://registry.npmjs.org/remeda cache-miss
91 http fetch GET 200 https://registry.npmjs.org/pathe 51ms (cache miss)
92 silly packumentCache full:https://registry.npmjs.org/pathe set size:undefined disposed:false
93 silly fetch manifest std-env@3.10.0
94 silly packumentCache full:https://registry.npmjs.org/std-env cache-miss
95 http fetch GET 200 https://registry.npmjs.org/c12 55ms (cache miss)
96 silly packumentCache full:https://registry.npmjs.org/c12 set size:undefined disposed:false
97 silly fetch manifest valibot@1.2.0
98 silly packumentCache full:https://registry.npmjs.org/valibot cache-miss
99 http fetch GET 200 https://registry.npmjs.org/deepmerge-ts 56ms (cache miss)
100 silly packumentCache full:https://registry.npmjs.org/deepmerge-ts set size:undefined disposed:false
101 silly fetch manifest zeptomatch@2.1.0
102 silly packumentCache full:https://registry.npmjs.org/zeptomatch cache-miss
103 http fetch GET 200 https://registry.npmjs.org/empathic 60ms (cache miss)
104 silly packumentCache full:https://registry.npmjs.org/empathic set size:undefined disposed:false
105 silly fetch manifest get-port-please@3.2.0
106 silly packumentCache full:https://registry.npmjs.org/get-port-please cache-miss
107 http fetch GET 200 https://registry.npmjs.org/valibot 54ms (cache miss)
108 silly packumentCache full:https://registry.npmjs.org/valibot set size:undefined disposed:false
109 silly fetch manifest proper-lockfile@4.1.2
110 silly packumentCache full:https://registry.npmjs.org/proper-lockfile cache-miss
111 http fetch GET 200 https://registry.npmjs.org/zeptomatch 54ms (cache miss)
112 silly packumentCache full:https://registry.npmjs.org/zeptomatch set size:undefined disposed:false
113 silly fetch manifest foreground-child@3.3.1
114 silly packumentCache full:https://registry.npmjs.org/foreground-child cache-miss
115 http fetch GET 200 https://registry.npmjs.org/std-env 60ms (cache miss)
116 silly packumentCache full:https://registry.npmjs.org/std-env set size:undefined disposed:false
117 silly fetch manifest @hono/node-server@1.19.9
118 silly packumentCache full:https://registry.npmjs.org/@hono%2fnode-server cache-miss
119 http fetch GET 200 https://registry.npmjs.org/get-port-please 52ms (cache miss)
120 silly packumentCache full:https://registry.npmjs.org/get-port-please set size:undefined disposed:false
121 silly fetch manifest http-status-codes@2.3.0
122 silly packumentCache full:https://registry.npmjs.org/http-status-codes cache-miss
123 http fetch GET 200 https://registry.npmjs.org/hono 121ms (cache miss)
124 silly packumentCache full:https://registry.npmjs.org/hono set size:undefined disposed:false
125 silly fetch manifest @mrleebo/prisma-ast@0.13.1
126 silly packumentCache full:https://registry.npmjs.org/@mrleebo%2fprisma-ast cache-miss
127 http fetch GET 200 https://registry.npmjs.org/proper-lockfile 40ms (cache miss)
128 silly packumentCache full:https://registry.npmjs.org/proper-lockfile set size:undefined disposed:false
129 silly fetch manifest @electric-sql/pglite@0.3.15
130 silly packumentCache full:https://registry.npmjs.org/@electric-sql%2fpglite cache-miss
131 http fetch GET 200 https://registry.npmjs.org/remeda 157ms (cache miss)
132 silly packumentCache full:https://registry.npmjs.org/remeda set size:undefined disposed:false
133 silly fetch manifest @prisma/get-platform@7.2.0
134 silly packumentCache full:https://registry.npmjs.org/@prisma%2fget-platform cache-miss
135 http fetch GET 200 https://registry.npmjs.org/foreground-child 51ms (cache miss)
136 silly packumentCache full:https://registry.npmjs.org/foreground-child set size:undefined disposed:false
137 silly fetch manifest @electric-sql/pglite-tools@0.2.20
138 silly packumentCache full:https://registry.npmjs.org/@electric-sql%2fpglite-tools cache-miss
139 http fetch GET 200 https://registry.npmjs.org/effect 168ms (cache miss)
140 silly packumentCache full:https://registry.npmjs.org/effect set size:undefined disposed:false
141 silly fetch manifest @electric-sql/pglite-socket@0.0.20
142 silly packumentCache full:https://registry.npmjs.org/@electric-sql%2fpglite-socket cache-miss
143 http fetch GET 200 https://registry.npmjs.org/http-status-codes 87ms (cache miss)
144 silly packumentCache full:https://registry.npmjs.org/http-status-codes set size:undefined disposed:false
145 silly fetch manifest @prisma/query-plan-executor@7.2.0
146 silly packumentCache full:https://registry.npmjs.org/@prisma%2fquery-plan-executor cache-miss
147 http fetch GET 200 https://registry.npmjs.org/@hono%2fnode-server 91ms (cache miss)
148 silly packumentCache full:https://registry.npmjs.org/@hono%2fnode-server set size:undefined disposed:false
149 silly fetch manifest @prisma/debug@7.4.2
150 silly packumentCache full:https://registry.npmjs.org/@prisma%2fdebug cache-miss
151 http fetch GET 200 https://registry.npmjs.org/@electric-sql%2fpglite-tools 68ms (cache miss)
152 silly packumentCache full:https://registry.npmjs.org/@electric-sql%2fpglite-tools set size:undefined disposed:false
153 silly fetch manifest @prisma/fetch-engine@7.4.2
154 silly packumentCache full:https://registry.npmjs.org/@prisma%2ffetch-engine cache-miss
155 http fetch GET 200 https://registry.npmjs.org/@electric-sql%2fpglite 84ms (cache miss)
156 silly packumentCache full:https://registry.npmjs.org/@electric-sql%2fpglite set size:undefined disposed:false
157 silly fetch manifest @prisma/get-platform@7.4.2
158 silly packumentCache full:https://registry.npmjs.org/@prisma%2fget-platform cache-miss
159 http fetch GET 200 https://registry.npmjs.org/@electric-sql%2fpglite-socket 60ms (cache miss)
160 silly packumentCache full:https://registry.npmjs.org/@electric-sql%2fpglite-socket set size:undefined disposed:false
161 silly fetch manifest @prisma/engines-version@7.5.0-10.94a226be1cf2967af2541cca5529f0f7ba866919
162 silly packumentCache full:https://registry.npmjs.org/@prisma%2fengines-version cache-miss
163 http fetch GET 200 https://registry.npmjs.org/@mrleebo%2fprisma-ast 129ms (cache miss)
164 silly packumentCache full:https://registry.npmjs.org/@mrleebo%2fprisma-ast set size:undefined disposed:false
165 silly fetch manifest csstype@^3.2.2
166 silly packumentCache full:https://registry.npmjs.org/csstype cache-miss
167 http fetch GET 200 https://registry.npmjs.org/@prisma%2fquery-plan-executor 88ms (cache miss)
168 silly packumentCache full:https://registry.npmjs.org/@prisma%2fquery-plan-executor set size:undefined disposed:false
169 silly fetch manifest scheduler@^0.27.0
170 silly packumentCache full:https://registry.npmjs.org/scheduler cache-miss
171 http fetch GET 200 https://registry.npmjs.org/csstype 79ms (cache miss)
172 silly packumentCache full:https://registry.npmjs.org/csstype set size:undefined disposed:false
173 silly fetch manifest long@^5.2.1
174 silly packumentCache full:https://registry.npmjs.org/long cache-miss
175 http fetch GET 200 https://registry.npmjs.org/long 77ms (cache miss)
176 silly packumentCache full:https://registry.npmjs.org/long set size:undefined disposed:false
177 silly fetch manifest denque@^2.1.0
178 silly packumentCache full:https://registry.npmjs.org/denque cache-miss
179 http fetch GET 200 https://registry.npmjs.org/scheduler 150ms (cache miss)
180 silly packumentCache full:https://registry.npmjs.org/scheduler set size:undefined disposed:false
181 silly fetch manifest lru.min@^1.0.0
182 silly packumentCache full:https://registry.npmjs.org/lru.min cache-miss
183 http fetch GET 200 https://registry.npmjs.org/denque 60ms (cache miss)
184 silly packumentCache full:https://registry.npmjs.org/denque set size:undefined disposed:false
185 silly fetch manifest seq-queue@^0.0.5
186 silly packumentCache full:https://registry.npmjs.org/seq-queue cache-miss
187 http fetch GET 200 https://registry.npmjs.org/lru.min 77ms (cache miss)
188 silly packumentCache full:https://registry.npmjs.org/lru.min set size:undefined disposed:false
189 silly fetch manifest sqlstring@^2.3.2
190 silly packumentCache full:https://registry.npmjs.org/sqlstring cache-miss
191 http fetch GET 200 https://registry.npmjs.org/seq-queue 104ms (cache miss)
192 silly packumentCache full:https://registry.npmjs.org/seq-queue set size:undefined disposed:false
193 silly fetch manifest iconv-lite@^0.7.0
194 silly packumentCache full:https://registry.npmjs.org/iconv-lite cache-miss
195 http fetch GET 200 https://registry.npmjs.org/sqlstring 60ms (cache miss)
196 silly packumentCache full:https://registry.npmjs.org/sqlstring set size:undefined disposed:false
197 silly fetch manifest aws-ssl-profiles@^1.1.1
198 silly packumentCache full:https://registry.npmjs.org/aws-ssl-profiles cache-miss
199 http fetch GET 200 https://registry.npmjs.org/@prisma%2fget-platform 469ms (cache miss)
200 silly packumentCache full:https://registry.npmjs.org/@prisma%2fget-platform set size:undefined disposed:false
201 silly fetch manifest generate-function@^2.3.1
202 silly packumentCache full:https://registry.npmjs.org/generate-function cache-miss
203 http fetch GET 200 https://registry.npmjs.org/aws-ssl-profiles 102ms (cache miss)
204 silly packumentCache full:https://registry.npmjs.org/aws-ssl-profiles set size:undefined disposed:false
205 silly fetch manifest named-placeholders@^1.1.3
206 silly packumentCache full:https://registry.npmjs.org/named-placeholders cache-miss
207 http fetch GET 200 https://registry.npmjs.org/iconv-lite 105ms (cache miss)
208 silly packumentCache full:https://registry.npmjs.org/iconv-lite set size:undefined disposed:false
209 http fetch GET 200 https://registry.npmjs.org/@prisma%2fdebug 516ms (cache miss)
210 silly packumentCache full:https://registry.npmjs.org/@prisma%2fdebug set size:undefined disposed:false
211 http fetch GET 200 https://registry.npmjs.org/named-placeholders 85ms (cache miss)
212 silly packumentCache full:https://registry.npmjs.org/named-placeholders set size:undefined disposed:false
213 http fetch GET 200 https://registry.npmjs.org/generate-function 97ms (cache miss)
214 silly packumentCache full:https://registry.npmjs.org/generate-function set size:undefined disposed:false
215 http fetch GET 200 https://registry.npmjs.org/@prisma%2fengines-version 547ms (cache miss)
216 silly packumentCache full:https://registry.npmjs.org/@prisma%2fengines-version set size:undefined disposed:false
217 http fetch GET 200 https://registry.npmjs.org/@prisma%2fget-platform 598ms (cache miss)
218 silly packumentCache full:https://registry.npmjs.org/@prisma%2fget-platform set size:undefined disposed:false
219 http fetch GET 200 https://registry.npmjs.org/@prisma%2ffetch-engine 690ms (cache miss)
220 silly packumentCache full:https://registry.npmjs.org/@prisma%2ffetch-engine set size:undefined disposed:false
221 silly fetch manifest magicast@^0.3.5
222 silly packumentCache full:https://registry.npmjs.org/magicast cache-miss
223 http fetch GET 200 https://registry.npmjs.org/magicast 59ms (cache miss)
224 silly packumentCache full:https://registry.npmjs.org/magicast set size:undefined disposed:false
225 silly placeDep ROOT c12@3.1.0 OK for: @prisma/config@7.4.2 want: 3.1.0
226 silly placeDep ROOT deepmerge-ts@7.1.5 OK for: @prisma/config@7.4.2 want: 7.1.5
227 silly placeDep ROOT effect@3.18.4 OK for: @prisma/config@7.4.2 want: 3.18.4
228 silly placeDep ROOT empathic@2.0.0 OK for: @prisma/config@7.4.2 want: 2.0.0
229 silly fetch manifest rc9@^2.1.2
230 silly packumentCache full:https://registry.npmjs.org/rc9 cache-miss
231 silly fetch manifest defu@^6.1.4
232 silly packumentCache full:https://registry.npmjs.org/defu cache-miss
233 silly fetch manifest jiti@^2.4.2
234 silly packumentCache full:https://registry.npmjs.org/jiti cache-miss
235 silly fetch manifest giget@^2.0.0
236 silly packumentCache full:https://registry.npmjs.org/giget cache-miss
237 silly fetch manifest ohash@^2.0.11
238 silly packumentCache full:https://registry.npmjs.org/ohash cache-miss
239 silly fetch manifest pathe@^2.0.3
240 silly packumentCache full:https://registry.npmjs.org/pathe cache-miss
241 silly fetch manifest dotenv@^16.6.1
242 silly packumentCache full:https://registry.npmjs.org/dotenv cache-miss
243 http cache https://registry.npmjs.org/pathe 3ms (cache hit)
244 silly packumentCache full:https://registry.npmjs.org/pathe set size:68788 disposed:false
245 silly fetch manifest confbox@^0.2.2
246 silly packumentCache full:https://registry.npmjs.org/confbox cache-miss
247 http fetch GET 200 https://registry.npmjs.org/confbox 44ms (cache miss)
248 silly packumentCache full:https://registry.npmjs.org/confbox set size:undefined disposed:false
249 silly fetch manifest exsolve@^1.0.7
250 silly packumentCache full:https://registry.npmjs.org/exsolve cache-miss
251 http fetch GET 200 https://registry.npmjs.org/jiti 49ms (cache miss)
252 silly packumentCache full:https://registry.npmjs.org/jiti set size:undefined disposed:false
253 silly fetch manifest chokidar@^4.0.3
254 silly packumentCache full:https://registry.npmjs.org/chokidar cache-miss
255 http fetch GET 200 https://registry.npmjs.org/giget 54ms (cache miss)
256 silly packumentCache full:https://registry.npmjs.org/giget set size:undefined disposed:false
257 silly fetch manifest pkg-types@^2.2.0
258 silly packumentCache full:https://registry.npmjs.org/pkg-types cache-miss
259 http fetch GET 200 https://registry.npmjs.org/ohash 55ms (cache miss)
260 silly packumentCache full:https://registry.npmjs.org/ohash set size:undefined disposed:false
261 silly fetch manifest perfect-debounce@^1.0.0
262 silly packumentCache full:https://registry.npmjs.org/perfect-debounce cache-miss
263 http fetch GET 200 https://registry.npmjs.org/defu 56ms (cache miss)
264 silly packumentCache full:https://registry.npmjs.org/defu set size:undefined disposed:false
265 silly fetch manifest fast-check@^3.23.1
266 silly packumentCache full:https://registry.npmjs.org/fast-check cache-miss
267 http fetch GET 200 https://registry.npmjs.org/dotenv 56ms (cache miss)
268 silly packumentCache full:https://registry.npmjs.org/dotenv set size:undefined disposed:false
269 silly fetch manifest @standard-schema/spec@^1.0.0
270 silly packumentCache full:https://registry.npmjs.org/@standard-schema%2fspec cache-miss
271 http fetch GET 200 https://registry.npmjs.org/rc9 67ms (cache miss)
272 silly packumentCache full:https://registry.npmjs.org/rc9 set size:undefined disposed:false
273 http fetch GET 200 https://registry.npmjs.org/chokidar 47ms (cache miss)
274 silly packumentCache full:https://registry.npmjs.org/chokidar set size:undefined disposed:false
275 http fetch GET 200 https://registry.npmjs.org/pkg-types 47ms (cache miss)
276 silly packumentCache full:https://registry.npmjs.org/pkg-types set size:undefined disposed:false
277 http fetch GET 200 https://registry.npmjs.org/exsolve 57ms (cache miss)
278 silly packumentCache full:https://registry.npmjs.org/exsolve set size:undefined disposed:false
279 http fetch GET 200 https://registry.npmjs.org/fast-check 53ms (cache miss)
280 silly packumentCache full:https://registry.npmjs.org/fast-check set size:undefined disposed:false
281 http fetch GET 200 https://registry.npmjs.org/perfect-debounce 60ms (cache miss)
282 silly packumentCache full:https://registry.npmjs.org/perfect-debounce set size:undefined disposed:false
283 http fetch GET 200 https://registry.npmjs.org/@standard-schema%2fspec 65ms (cache miss)
284 silly packumentCache full:https://registry.npmjs.org/@standard-schema%2fspec set size:undefined disposed:false
285 silly fetch manifest typescript@>=5
286 silly packumentCache full:https://registry.npmjs.org/typescript cache-miss
287 http cache https://registry.npmjs.org/typescript 15ms (cache hit)
288 silly packumentCache full:https://registry.npmjs.org/typescript set size:15306474 disposed:false
289 silly placeDep ROOT @electric-sql/pglite@0.3.15 OK for: @prisma/dev@0.20.0 want: 0.3.15
290 silly placeDep ROOT @electric-sql/pglite-socket@0.0.20 OK for: @prisma/dev@0.20.0 want: 0.0.20
291 silly placeDep ROOT @electric-sql/pglite-tools@0.2.20 OK for: @prisma/dev@0.20.0 want: 0.2.20
292 silly placeDep ROOT @hono/node-server@1.19.9 OK for: @prisma/dev@0.20.0 want: 1.19.9
293 silly placeDep ROOT hono@4.11.4 OK for: @hono/node-server@1.19.9 want: ^4
294 silly placeDep ROOT @mrleebo/prisma-ast@0.13.1 OK for: @prisma/dev@0.20.0 want: 0.13.1
295 silly placeDep ROOT @prisma/get-platform@7.2.0 OK for: @prisma/dev@0.20.0 want: 7.2.0
296 silly placeDep ROOT @prisma/query-plan-executor@7.2.0 OK for: @prisma/dev@0.20.0 want: 7.2.0
297 silly placeDep ROOT foreground-child@3.3.1 OK for: @prisma/dev@0.20.0 want: 3.3.1
298 silly placeDep ROOT get-port-please@3.2.0 OK for: @prisma/dev@0.20.0 want: 3.2.0
299 silly placeDep ROOT http-status-codes@2.3.0 OK for: @prisma/dev@0.20.0 want: 2.3.0
300 silly placeDep ROOT pathe@2.0.3 OK for: @prisma/dev@0.20.0 want: 2.0.3
301 silly placeDep ROOT proper-lockfile@4.1.2 OK for: @prisma/dev@0.20.0 want: 4.1.2
302 silly placeDep ROOT remeda@2.33.4 OK for: @prisma/dev@0.20.0 want: 2.33.4
303 silly placeDep ROOT std-env@3.10.0 OK for: @prisma/dev@0.20.0 want: 3.10.0
304 silly placeDep ROOT valibot@1.2.0 OK for: @prisma/dev@0.20.0 want: 1.2.0
305 silly placeDep ROOT zeptomatch@2.1.0 OK for: @prisma/dev@0.20.0 want: 2.1.0
306 silly fetch manifest lilconfig@^2.1.0
307 silly packumentCache full:https://registry.npmjs.org/lilconfig cache-miss
308 silly fetch manifest chevrotain@^10.5.0
309 silly packumentCache full:https://registry.npmjs.org/chevrotain cache-miss
310 silly fetch manifest @prisma/debug@7.2.0
311 silly packumentCache full:https://registry.npmjs.org/@prisma%2fdebug cache-miss
312 silly fetch manifest cross-spawn@^7.0.6
313 silly packumentCache full:https://registry.npmjs.org/cross-spawn cache-miss
314 silly fetch manifest signal-exit@^4.0.1
315 silly packumentCache full:https://registry.npmjs.org/signal-exit cache-miss
316 silly fetch manifest graceful-fs@^4.2.4
317 silly packumentCache full:https://registry.npmjs.org/graceful-fs cache-miss
318 silly fetch manifest retry@^0.12.0
319 silly packumentCache full:https://registry.npmjs.org/retry cache-miss
320 http cache https://registry.npmjs.org/@prisma%2fdebug 28ms (cache hit)
321 silly packumentCache full:https://registry.npmjs.org/@prisma%2fdebug set size:28477940 disposed:false
322 silly fetch manifest signal-exit@^3.0.2
323 silly packumentCache full:https://registry.npmjs.org/signal-exit cache-miss
324 http fetch GET 200 https://registry.npmjs.org/signal-exit 94ms (cache miss)
325 silly packumentCache full:https://registry.npmjs.org/signal-exit set size:undefined disposed:false
326 silly fetch manifest grammex@^3.1.11
327 silly packumentCache full:https://registry.npmjs.org/grammex cache-miss
328 http fetch GET 200 https://registry.npmjs.org/lilconfig 96ms (cache miss)
329 silly packumentCache full:https://registry.npmjs.org/lilconfig set size:undefined disposed:false
330 silly fetch manifest graphmatch@^1.1.0
331 silly packumentCache full:https://registry.npmjs.org/graphmatch cache-miss
332 http fetch GET 200 https://registry.npmjs.org/cross-spawn 96ms (cache miss)
333 silly packumentCache full:https://registry.npmjs.org/cross-spawn set size:undefined disposed:false
334 http fetch GET 200 https://registry.npmjs.org/retry 97ms (cache miss)
335 silly packumentCache full:https://registry.npmjs.org/retry set size:undefined disposed:false
336 http fetch GET 200 https://registry.npmjs.org/graceful-fs 98ms (cache miss)
337 silly packumentCache full:https://registry.npmjs.org/graceful-fs set size:undefined disposed:false
338 http fetch GET 200 https://registry.npmjs.org/chevrotain 100ms (cache miss)
339 silly packumentCache full:https://registry.npmjs.org/chevrotain set size:undefined disposed:false
340 http fetch GET 200 https://registry.npmjs.org/signal-exit 48ms (cache miss)
341 silly packumentCache full:https://registry.npmjs.org/signal-exit set size:undefined disposed:false
342 http fetch GET 200 https://registry.npmjs.org/grammex 44ms (cache miss)
343 silly packumentCache full:https://registry.npmjs.org/grammex set size:undefined disposed:false
344 http fetch GET 200 https://registry.npmjs.org/graphmatch 44ms (cache miss)
345 silly packumentCache full:https://registry.npmjs.org/graphmatch set size:undefined disposed:false
346 silly placeDep ROOT chevrotain@10.5.0 OK for: @mrleebo/prisma-ast@0.13.1 want: ^10.5.0
347 silly placeDep ROOT lilconfig@2.1.0 OK for: @mrleebo/prisma-ast@0.13.1 want: ^2.1.0
348 silly fetch manifest lodash@4.17.21
349 silly packumentCache full:https://registry.npmjs.org/lodash cache-miss
350 silly fetch manifest regexp-to-ast@0.5.0
351 silly packumentCache full:https://registry.npmjs.org/regexp-to-ast cache-miss
352 silly fetch manifest @chevrotain/gast@10.5.0
353 silly packumentCache full:https://registry.npmjs.org/@chevrotain%2fgast cache-miss
354 silly fetch manifest @chevrotain/types@10.5.0
355 silly packumentCache full:https://registry.npmjs.org/@chevrotain%2ftypes cache-miss
356 silly fetch manifest @chevrotain/utils@10.5.0
357 silly packumentCache full:https://registry.npmjs.org/@chevrotain%2futils cache-miss
358 silly fetch manifest @chevrotain/cst-dts-gen@10.5.0
359 silly packumentCache full:https://registry.npmjs.org/@chevrotain%2fcst-dts-gen cache-miss
360 http fetch GET 200 https://registry.npmjs.org/regexp-to-ast 47ms (cache miss)
361 silly packumentCache full:https://registry.npmjs.org/regexp-to-ast set size:undefined disposed:false
362 http fetch GET 200 https://registry.npmjs.org/lodash 48ms (cache miss)
363 silly packumentCache full:https://registry.npmjs.org/lodash set size:undefined disposed:false
364 http fetch GET 200 https://registry.npmjs.org/@chevrotain%2fcst-dts-gen 59ms (cache miss)
365 silly packumentCache full:https://registry.npmjs.org/@chevrotain%2fcst-dts-gen set size:undefined disposed:false
366 http fetch GET 200 https://registry.npmjs.org/@chevrotain%2futils 61ms (cache miss)
367 silly packumentCache full:https://registry.npmjs.org/@chevrotain%2futils set size:undefined disposed:false
368 http fetch GET 200 https://registry.npmjs.org/@chevrotain%2fgast 64ms (cache miss)
369 silly packumentCache full:https://registry.npmjs.org/@chevrotain%2fgast set size:undefined disposed:false
370 http fetch GET 200 https://registry.npmjs.org/@chevrotain%2ftypes 92ms (cache miss)
371 silly packumentCache full:https://registry.npmjs.org/@chevrotain%2ftypes set size:undefined disposed:false
372 silly placeDep ROOT @prisma/debug@7.4.2 OK for: @prisma/engines@7.4.2 want: 7.4.2
373 silly placeDep ROOT @prisma/engines-version@7.5.0-10.94a226be1cf2967af2541cca5529f0f7ba866919 OK for: @prisma/engines@7.4.2 want: 7.5.0-10.94a226be1cf2967af2541cca5529f0f7ba866919
374 silly placeDep ROOT @prisma/fetch-engine@7.4.2 OK for: @prisma/engines@7.4.2 want: 7.4.2
375 silly placeDep node_modules/@prisma/engines @prisma/get-platform@7.4.2 OK for: @prisma/engines@7.4.2 want: 7.4.2
376 silly placeDep node_modules/@prisma/fetch-engine @prisma/get-platform@7.4.2 OK for: @prisma/fetch-engine@7.4.2 want: 7.4.2
377 silly placeDep node_modules/@prisma/get-platform @prisma/debug@7.2.0 OK for: @prisma/get-platform@7.2.0 want: 7.2.0
378 silly placeDep ROOT csstype@3.2.3 OK for: @types/react@19.2.14 want: ^3.2.2
379 silly placeDep ROOT chokidar@4.0.3 OK for: c12@3.1.0 want: ^4.0.3
380 silly placeDep ROOT confbox@0.2.4 OK for: c12@3.1.0 want: ^0.2.2
381 silly placeDep ROOT defu@6.1.4 OK for: c12@3.1.0 want: ^6.1.4
382 silly placeDep ROOT dotenv@16.6.1 OK for: c12@3.1.0 want: ^16.6.1
383 silly placeDep ROOT exsolve@1.0.8 OK for: c12@3.1.0 want: ^1.0.7
384 silly placeDep ROOT giget@2.0.0 OK for: c12@3.1.0 want: ^2.0.0
385 silly placeDep ROOT jiti@2.6.1 OK for: c12@3.1.0 want: ^2.4.2
386 silly placeDep ROOT ohash@2.0.11 OK for: c12@3.1.0 want: ^2.0.11
387 silly placeDep ROOT perfect-debounce@1.0.0 OK for: c12@3.1.0 want: ^1.0.0
388 silly placeDep ROOT pkg-types@2.3.0 OK for: c12@3.1.0 want: ^2.2.0
389 silly placeDep ROOT rc9@2.1.2 OK for: c12@3.1.0 want: ^2.1.2
390 silly fetch manifest readdirp@^4.0.1
391 silly packumentCache full:https://registry.npmjs.org/readdirp cache-miss
392 silly fetch manifest nypm@^0.6.0
393 silly packumentCache full:https://registry.npmjs.org/nypm cache-miss
394 silly fetch manifest citty@^0.1.6
395 silly packumentCache full:https://registry.npmjs.org/citty cache-miss
396 silly fetch manifest consola@^3.4.0
397 silly packumentCache full:https://registry.npmjs.org/consola cache-miss
398 silly fetch manifest node-fetch-native@^1.6.6
399 silly packumentCache full:https://registry.npmjs.org/node-fetch-native cache-miss
400 silly fetch manifest destr@^2.0.3
401 silly packumentCache full:https://registry.npmjs.org/destr cache-miss
402 http fetch GET 200 https://registry.npmjs.org/readdirp 43ms (cache miss)
403 silly packumentCache full:https://registry.npmjs.org/readdirp set size:undefined disposed:false
404 http fetch GET 200 https://registry.npmjs.org/destr 49ms (cache miss)
405 silly packumentCache full:https://registry.npmjs.org/destr set size:undefined disposed:false
406 http fetch GET 200 https://registry.npmjs.org/node-fetch-native 52ms (cache miss)
407 silly packumentCache full:https://registry.npmjs.org/node-fetch-native set size:undefined disposed:false
408 http fetch GET 200 https://registry.npmjs.org/nypm 55ms (cache miss)
409 silly packumentCache full:https://registry.npmjs.org/nypm set size:undefined disposed:false
410 http fetch GET 200 https://registry.npmjs.org/citty 59ms (cache miss)
411 silly packumentCache full:https://registry.npmjs.org/citty set size:undefined disposed:false
412 http fetch GET 200 https://registry.npmjs.org/consola 59ms (cache miss)
413 silly packumentCache full:https://registry.npmjs.org/consola set size:undefined disposed:false
414 silly placeDep ROOT @chevrotain/cst-dts-gen@10.5.0 OK for: chevrotain@10.5.0 want: 10.5.0
415 silly placeDep ROOT @chevrotain/gast@10.5.0 OK for: chevrotain@10.5.0 want: 10.5.0
416 silly placeDep ROOT @chevrotain/types@10.5.0 OK for: chevrotain@10.5.0 want: 10.5.0
417 silly placeDep ROOT @chevrotain/utils@10.5.0 OK for: chevrotain@10.5.0 want: 10.5.0
418 silly placeDep ROOT lodash@4.17.21 OK for: chevrotain@10.5.0 want: 4.17.21
419 silly placeDep ROOT regexp-to-ast@0.5.0 OK for: chevrotain@10.5.0 want: 0.5.0
420 silly placeDep ROOT readdirp@4.1.2 OK for: chokidar@4.0.3 want: ^4.0.1
421 silly placeDep ROOT @standard-schema/spec@1.1.0 OK for: effect@3.18.4 want: ^1.0.0
422 silly placeDep ROOT fast-check@3.23.2 OK for: effect@3.18.4 want: ^3.23.1
423 silly fetch manifest pure-rand@^6.1.0
424 silly packumentCache full:https://registry.npmjs.org/pure-rand cache-miss
425 http fetch GET 200 https://registry.npmjs.org/pure-rand 60ms (cache miss)
426 silly packumentCache full:https://registry.npmjs.org/pure-rand set size:undefined disposed:false
427 silly placeDep ROOT pure-rand@6.1.0 OK for: fast-check@3.23.2 want: ^6.1.0
428 silly placeDep ROOT cross-spawn@7.0.6 OK for: foreground-child@3.3.1 want: ^7.0.6
429 silly placeDep ROOT signal-exit@4.1.0 OK for: foreground-child@3.3.1 want: ^4.0.1
430 silly fetch manifest which@^2.0.1
431 silly packumentCache full:https://registry.npmjs.org/which cache-miss
432 silly fetch manifest path-key@^3.1.0
433 silly packumentCache full:https://registry.npmjs.org/path-key cache-miss
434 silly fetch manifest shebang-command@^2.0.0
435 silly packumentCache full:https://registry.npmjs.org/shebang-command cache-miss
436 http fetch GET 200 https://registry.npmjs.org/path-key 50ms (cache miss)
437 silly packumentCache full:https://registry.npmjs.org/path-key set size:undefined disposed:false
438 http fetch GET 200 https://registry.npmjs.org/shebang-command 50ms (cache miss)
439 silly packumentCache full:https://registry.npmjs.org/shebang-command set size:undefined disposed:false
440 http fetch GET 200 https://registry.npmjs.org/which 60ms (cache miss)
441 silly packumentCache full:https://registry.npmjs.org/which set size:undefined disposed:false
442 silly placeDep ROOT path-key@3.1.1 OK for: cross-spawn@7.0.6 want: ^3.1.0
443 silly placeDep ROOT shebang-command@2.0.0 OK for: cross-spawn@7.0.6 want: ^2.0.0
444 silly placeDep ROOT which@2.0.2 OK for: cross-spawn@7.0.6 want: ^2.0.1
445 silly fetch manifest shebang-regex@^3.0.0
446 silly packumentCache full:https://registry.npmjs.org/shebang-regex cache-miss
447 silly fetch manifest isexe@^2.0.0
448 silly packumentCache full:https://registry.npmjs.org/isexe cache-miss
449 http fetch GET 200 https://registry.npmjs.org/shebang-regex 46ms (cache miss)
450 silly packumentCache full:https://registry.npmjs.org/shebang-regex set size:undefined disposed:false
451 http fetch GET 200 https://registry.npmjs.org/isexe 46ms (cache miss)
452 silly packumentCache full:https://registry.npmjs.org/isexe set size:undefined disposed:false
453 silly placeDep ROOT citty@0.1.6 OK for: giget@2.0.0 want: ^0.1.6
454 silly placeDep ROOT consola@3.4.2 OK for: giget@2.0.0 want: ^3.4.0
455 silly placeDep ROOT node-fetch-native@1.6.7 OK for: giget@2.0.0 want: ^1.6.6
456 silly placeDep ROOT nypm@0.6.5 OK for: giget@2.0.0 want: ^0.6.0
457 silly fetch manifest consola@^3.2.3
458 silly packumentCache full:https://registry.npmjs.org/consola cache-miss
459 silly fetch manifest citty@^0.2.0
460 silly packumentCache full:https://registry.npmjs.org/citty cache-miss
461 silly fetch manifest tinyexec@^1.0.2
462 silly packumentCache full:https://registry.npmjs.org/tinyexec cache-miss
463 http cache https://registry.npmjs.org/consola 3ms (cache hit)
464 silly packumentCache full:https://registry.npmjs.org/consola set size:324648 disposed:false
465 http cache https://registry.npmjs.org/citty 5ms (cache hit)
466 silly packumentCache full:https://registry.npmjs.org/citty set size:31399 disposed:false
467 http fetch GET 200 https://registry.npmjs.org/tinyexec 52ms (cache miss)
468 silly packumentCache full:https://registry.npmjs.org/tinyexec set size:undefined disposed:false
469 silly placeDep ROOT aws-ssl-profiles@1.1.2 OK for: mysql2@3.15.3 want: ^1.1.1
470 silly placeDep ROOT denque@2.1.0 OK for: mysql2@3.15.3 want: ^2.1.0
471 silly placeDep ROOT generate-function@2.3.1 OK for: mysql2@3.15.3 want: ^2.3.1
472 silly placeDep ROOT iconv-lite@0.7.2 OK for: mysql2@3.15.3 want: ^0.7.0
473 silly placeDep ROOT long@5.3.2 OK for: mysql2@3.15.3 want: ^5.2.1
474 silly placeDep ROOT lru.min@1.1.4 OK for: mysql2@3.15.3 want: ^1.0.0
475 silly placeDep ROOT named-placeholders@1.1.6 OK for: mysql2@3.15.3 want: ^1.1.3
476 silly placeDep ROOT seq-queue@0.0.5 OK for: mysql2@3.15.3 want: ^0.0.5
477 silly placeDep ROOT sqlstring@2.3.3 OK for: mysql2@3.15.3 want: ^2.3.2
478 silly fetch manifest is-property@^1.0.2
479 silly packumentCache full:https://registry.npmjs.org/is-property cache-miss
480 silly fetch manifest safer-buffer@>= 2.1.2 < 3.0.0
481 silly packumentCache full:https://registry.npmjs.org/safer-buffer cache-miss
482 http fetch GET 200 https://registry.npmjs.org/safer-buffer 55ms (cache miss)
483 silly packumentCache full:https://registry.npmjs.org/safer-buffer set size:undefined disposed:false
484 http fetch GET 200 https://registry.npmjs.org/is-property 59ms (cache miss)
485 silly packumentCache full:https://registry.npmjs.org/is-property set size:undefined disposed:false
486 silly placeDep ROOT is-property@1.0.2 OK for: generate-function@2.3.1 want: ^1.0.2
487 silly placeDep ROOT safer-buffer@2.1.2 OK for: iconv-lite@0.7.2 want: >= 2.1.2 < 3.0.0
488 silly placeDep node_modules/nypm citty@0.2.1 OK for: nypm@0.6.5 want: ^0.2.0
489 silly placeDep ROOT tinyexec@1.0.2 OK for: nypm@0.6.5 want: ^1.0.2
490 silly placeDep ROOT graceful-fs@4.2.11 OK for: proper-lockfile@4.1.2 want: ^4.2.4
491 silly placeDep ROOT retry@0.12.0 OK for: proper-lockfile@4.1.2 want: ^0.12.0
492 silly placeDep node_modules/proper-lockfile signal-exit@3.0.7 OK for: proper-lockfile@4.1.2 want: ^3.0.2
493 silly placeDep ROOT destr@2.0.5 OK for: rc9@2.1.2 want: ^2.0.3
494 silly placeDep ROOT scheduler@0.27.0 OK for: react-dom@19.2.4 want: ^0.27.0
495 silly placeDep ROOT shebang-regex@3.0.0 OK for: shebang-command@2.0.0 want: ^3.0.0
496 silly placeDep ROOT isexe@2.0.0 OK for: which@2.0.2 want: ^2.0.0
497 silly placeDep ROOT grammex@3.1.12 OK for: zeptomatch@2.1.0 want: ^3.1.11
498 silly placeDep ROOT graphmatch@1.1.1 OK for: zeptomatch@2.1.0 want: ^1.1.0
499 silly reify moves {}
500 verbose Error: EPERM: operation not permitted, mkdir '/Users/adambelal/Desktop/restaurant-os/my-cache/_npx/2778af9cee32ff87/node_modules'
    at async mkdir (node:internal/fs/promises:856:10)
    at async /Users/adambelal/.nvm/versions/node/v24.13.0/lib/node_modules/npm/node_modules/@npmcli/arborist/lib/arborist/reify.js:576:20
    at async Promise.allSettled (index 0)
    at async [reifyPackages] (/Users/adambelal/.nvm/versions/node/v24.13.0/lib/node_modules/npm/node_modules/@npmcli/arborist/lib/arborist/reify.js:313:11)
    at async Arborist.reify (/Users/adambelal/.nvm/versions/node/v24.13.0/lib/node_modules/npm/node_modules/@npmcli/arborist/lib/arborist/reify.js:125:5)
    at async /Users/adambelal/.nvm/versions/node/v24.13.0/lib/node_modules/npm/node_modules/libnpmexec/lib/with-lock.js:57:19
501 verbose stack Error: EPERM: operation not permitted, mkdir '/Users/adambelal/Desktop/restaurant-os/my-cache/_npx/2778af9cee32ff87/node_modules'
501 verbose stack     at async mkdir (node:internal/fs/promises:856:10)
501 verbose stack     at async /Users/adambelal/.nvm/versions/node/v24.13.0/lib/node_modules/npm/node_modules/@npmcli/arborist/lib/arborist/reify.js:576:20
501 verbose stack     at async Promise.allSettled (index 0)
501 verbose stack     at async [reifyPackages] (/Users/adambelal/.nvm/versions/node/v24.13.0/lib/node_modules/npm/node_modules/@npmcli/arborist/lib/arborist/reify.js:313:11)
501 verbose stack     at async Arborist.reify (/Users/adambelal/.nvm/versions/node/v24.13.0/lib/node_modules/npm/node_modules/@npmcli/arborist/lib/arborist/reify.js:125:5)
501 verbose stack     at async /Users/adambelal/.nvm/versions/node/v24.13.0/lib/node_modules/npm/node_modules/libnpmexec/lib/with-lock.js:57:19
502 error code EPERM
503 error syscall mkdir
504 error path /Users/adambelal/Desktop/restaurant-os/my-cache/_npx/2778af9cee32ff87/node_modules
505 error errno -1
506 error
506 error Your cache folder contains root-owned files, due to a bug in
506 error previous versions of npm which has since been addressed.
506 error
506 error To permanently fix this problem, please run:
506 error   sudo chown -R 501:20 "/Users/adambelal/Desktop/restaurant-os/my-cache"
507 silly unfinished npm timer reify 1772486989519
508 silly unfinished npm timer reify:createSparse 1772486993410
509 verbose cwd /Users/adambelal/Desktop/restaurant-os
510 verbose os Darwin 25.2.0
511 verbose node v24.13.0
512 verbose npm  v11.6.2
513 notice
513 notice New [33mminor[39m version of npm available! [33m11.6.2[39m -> [34m11.11.0[39m
513 notice Changelog: [34mhttps://github.com/npm/cli/releases/tag/v11.11.0[39m
513 notice To update run: [4mnpm install -g npm@11.11.0[24m
513 notice  { force: true, Symbol(proc-log.meta): true }
514 verbose exit -1
515 verbose code -1
516 error A complete log of this run can be found in: /Users/adambelal/Desktop/restaurant-os/my-cache/_logs/2026-03-02T21_29_35_292Z-debug-0.log
